<?xml version="1.0" encoding="UTF-8"?>
<testng-results skipped="0" failed="0" total="5" passed="5">
  <reporter-output>
  </reporter-output>
  <suite name="Command line suite" duration-ms="30" started-at="2018-05-02T14:52:13Z" finished-at="2018-05-02T14:52:13Z">
    <groups>
    </groups>
    <test name="Command line test" duration-ms="30" started-at="2018-05-02T14:52:13Z" finished-at="2018-05-02T14:52:13Z">
      <class name="TriangleTest">
        <test-method status="PASS" signature="testGetType()[pri:0, instance:TriangleTest@35bbe5e8]" name="testGetType" duration-ms="8" started-at="2018-05-02T22:52:13Z" finished-at="2018-05-02T22:52:13Z">
          <reporter-output>
          </reporter-output>
        </test-method> <!-- testGetType -->
        <test-method status="PASS" signature="testGetType1()[pri:0, instance:TriangleTest@35bbe5e8]" name="testGetType1" duration-ms="0" started-at="2018-05-02T22:52:13Z" finished-at="2018-05-02T22:52:13Z">
          <reporter-output>
          </reporter-output>
        </test-method> <!-- testGetType1 -->
        <test-method status="PASS" signature="testGetType3()[pri:0, instance:TriangleTest@35bbe5e8]" name="testGetType3" duration-ms="1" started-at="2018-05-02T22:52:13Z" finished-at="2018-05-02T22:52:13Z">
          <reporter-output>
          </reporter-output>
        </test-method> <!-- testGetType3 -->
        <test-method status="PASS" signature="testGetType2()[pri:0, instance:TriangleTest@35bbe5e8]" name="testGetType2" duration-ms="0" started-at="2018-05-02T22:52:13Z" finished-at="2018-05-02T22:52:13Z">
          <reporter-output>
          </reporter-output>
        </test-method> <!-- testGetType2 -->
        <test-method status="PASS" signature="testGetType4()[pri:0, instance:TriangleTest@35bbe5e8]" name="testGetType4" duration-ms="0" started-at="2018-05-02T22:52:13Z" finished-at="2018-05-02T22:52:13Z">
          <reporter-output>
          </reporter-output>
        </test-method> <!-- testGetType4 -->
      </class> <!-- TriangleTest -->
    </test> <!-- Command line test -->
  </suite> <!-- Command line suite -->
</testng-results>
