<?xml version="1.0" encoding="UTF-8" ?>
<testsuite tests="5" failures="0" name="TestSuite" time="0.747" errors="0" skipped="0">
  <properties>
[...]
</properties>
  <testcase classname="TriangleTest" name="testGetType" time="0.01"/>
  <testcase classname="TriangleTest" name="testGetType1" time="0"/>
  <testcase classname="TriangleTest" name="testGetType2" time="0"/>
  <testcase classname="TriangleTest" name="testGetType3" time="0"/>
  <testcase classname="TriangleTest" name="testGetType4" time="0"/>
</testsuite>