<?xml version="1.0" encoding="UTF-8"?>
<testng-results skipped="0" failed="0" ignored="0" total="1" passed="1">
  <reporter-output>
  </reporter-output>
  <suite name="DiscuzWhiteTest" duration-ms="106" started-at="2018-05-31T03:28:52Z" finished-at="2018-05-31T03:28:53Z">
    <groups>
    </groups>
    <test name="ywj" duration-ms="106" started-at="2018-05-31T03:28:52Z" finished-at="2018-05-31T03:28:53Z">
      <class name="testcase.Test1">
        <test-method status="PASS" signature="setup()[pri:0, instance:testcase.Test1@7b69c6ba]" name="setup" is-config="true" duration-ms="59" started-at="2018-05-31T03:28:52Z" finished-at="2018-05-31T03:28:52Z">
          <reporter-output>
          </reporter-output>
        </test-method> <!-- setup -->
        <test-method status="PASS" signature="ywj()[pri:0, instance:testcase.Test1@7b69c6ba]" name="ywj" duration-ms="5" started-at="2018-05-31T03:28:52Z" finished-at="2018-05-31T03:28:52Z">
          <reporter-output>
          </reporter-output>
        </test-method> <!-- ywj -->
      </class> <!-- testcase.Test1 -->
    </test> <!-- ywj -->
  </suite> <!-- DiscuzWhiteTest -->
</testng-results>
