<?xml version="1.0" encoding="UTF-8"?>
<testng-results skipped="0" failed="0" ignored="0" total="1" passed="1">
  <reporter-output>
  </reporter-output>
  <suite name="testcase.Test1" duration-ms="55" started-at="2018-05-31T04:03:55Z" finished-at="2018-05-31T04:03:55Z">
    <groups>
    </groups>
    <test name="Command line test" duration-ms="55" started-at="2018-05-31T04:03:55Z" finished-at="2018-05-31T04:03:55Z">
      <class name="testcase.Test1">
        <test-method status="PASS" signature="setup()[pri:0, instance:testcase.Test1@3fb6a447]" name="setup" is-config="true" duration-ms="30" started-at="2018-05-31T04:03:55Z" finished-at="2018-05-31T04:03:55Z">
          <reporter-output>
          </reporter-output>
        </test-method> <!-- setup -->
        <test-method status="PASS" signature="ywj()[pri:0, instance:testcase.Test1@3fb6a447]" name="ywj" duration-ms="2" started-at="2018-05-31T04:03:55Z" finished-at="2018-05-31T04:03:55Z">
          <reporter-output>
          </reporter-output>
        </test-method> <!-- ywj -->
      </class> <!-- testcase.Test1 -->
    </test> <!-- Command line test -->
  </suite> <!-- testcase.Test1 -->
</testng-results>
